Arguments: 
  C:\Program Files\nodejs\node.exe C:\Program Files (x86)\Yarn\bin\yarn.js add @tensorflow

PATH: 
  C:\Program Files\Python39\Scripts\;C:\Program Files\Python39\;C:\Program Files\NVIDIA GPU Computing Toolkit\CUDA\v11.2\bin;C:\Program Files\NVIDIA GPU Computing Toolkit\CUDA\v11.2\libnvvp;C:\Windows\system32;C:\Windows;C:\Windows\System32\Wbem;C:\Windows\System32\WindowsPowerShell\v1.0\;C:\Windows\System32\OpenSSH\;C:\Program Files (x86)\NVIDIA Corporation\PhysX\Common;C:\ProgramData\chocolatey\bin;C:\Program Files\nodejs\;C:\WINDOWS\system32;C:\WINDOWS;C:\WINDOWS\System32\Wbem;C:\WINDOWS\System32\WindowsPowerShell\v1.0\;C:\WINDOWS\System32\OpenSSH\;C:\Program Files\Git\cmd;C:\Program Files\MATLAB\R2022a\bin;C:\Program Files (x86)\Yarn\bin\;C:\Program Files\NVIDIA Corporation\Nsight Compute 2020.3.0\;C:\Program Files\NVIDIA Corporation\NVIDIA NvDLISR;C:\Program Files\CMake\bin;C:\Users\creif\AppData\Local\Programs\Python\Python36\Scripts\;C:\Users\creif\AppData\Local\Programs\Python\Python36\;C:\Users\creif\AppData\Local\Microsoft\WindowsApps;C:\Users\creif\AppData\Roaming\npm;C:\Users\creif\AppData\Local\Programs\Microsoft VS Code\bin;C:\Program Files\JetBrains\PyCharm Community Edition 2021.3.2\bin;;C:\Program Files (x86)\geckodriver;C:\Program Files\JetBrains\WebStorm 2021.3.3\bin;;C:\Program Files\JetBrains\PyCharm 2021.3.3\bin;;C:\Users\creif\AppData\Local\Yarn\bin;C:\Users\creif\AppData\Local\GitHubDesktop\bin;C:\Program Files\JetBrains\IntelliJ IDEA 2021.3.3\bin;;C:\tools\dart-sdk\bin;C:\Users\creif\AppData\Roaming\Pub\Cache\bin;C:\Users\creif\Documents\flutter\bin;C:\Program Files\JetBrains\JetBrains Rider 2021.3.4\bin;;C:\Program Files\NVIDIA GPU Computing Toolkit\CUDA\v11.2\bin;C:\Program Files\NVIDIA GPU Computing Toolkit\CUDA\v11.2\libnvvp;;C:\Program Files\JetBrains\CLion 2022.1\bin;

Yarn version: 
  1.22.15

Node version: 
  17.7.1

Platform: 
  win32 x64

Trace: 
  Error: https://registry.yarnpkg.com/@tensorflow: Request "https://registry.yarnpkg.com/@tensorflow" returned a 405
      at Request.params.callback [as _callback] (C:\Program Files (x86)\Yarn\lib\cli.js:66149:18)
      at Request.self.callback (C:\Program Files (x86)\Yarn\lib\cli.js:140885:22)
      at Request.emit (node:events:527:28)
      at Request.<anonymous> (C:\Program Files (x86)\Yarn\lib\cli.js:141857:10)
      at Request.emit (node:events:527:28)
      at IncomingMessage.<anonymous> (C:\Program Files (x86)\Yarn\lib\cli.js:141779:12)
      at Object.onceWrapper (node:events:641:28)
      at IncomingMessage.emit (node:events:539:35)
      at endReadableNT (node:internal/streams/readable:1342:12)
      at processTicksAndRejections (node:internal/process/task_queues:83:21)

npm manifest: 
  {
    "name": "indian_guy",
    "version": "1.0.0",
    "main": "index.js",
    "license": "MIT",
    "dependencies": {
      "@tensorflow-models/blazeface": "^0.0.7"
    }
  }

yarn manifest: 
  No manifest

Lockfile: 
  # THIS IS AN AUTOGENERATED FILE. DO NOT EDIT THIS FILE DIRECTLY.
  # yarn lockfile v1
  
  
  "@tensorflow-models/blazeface@^0.0.7":
    version "0.0.7"
    resolved "https://registry.yarnpkg.com/@tensorflow-models/blazeface/-/blazeface-0.0.7.tgz#0a16499a0cc97fc87e11ae1f78140731c5f63bf2"
    integrity sha512-+hInPkvHJoubfiXlmNuF3SCucZvU6W1PMC25IV99NSAftJUpKvLokfF93iX8UkOFQCXkPFbnLKacGfGlbjgvMw==
